[2022-06-18T10:38:03.784] [DEBUG] cheese - login => username:zs,password:123456
[2022-06-18T10:38:03.787] [DEBUG] cheese - zs
[2022-06-18T10:38:03.814] [DEBUG] cheese - null
[2022-06-18T10:38:03.815] [DEBUG] cheese - null
[2022-06-18T10:48:12.373] [DEBUG] cheese - login => username:admin,password:123456
[2022-06-18T10:48:12.383] [DEBUG] cheese - admin
[2022-06-18T10:48:12.397] [DEBUG] cheese - null
[2022-06-18T10:48:12.397] [DEBUG] cheese - null
[2022-06-18T11:28:43.221] [DEBUG] cheese - login => username:admin,password:123456
[2022-06-18T11:28:43.222] [DEBUG] cheese - admin
[2022-06-18T11:28:43.255] [DEBUG] cheese - null
[2022-06-18T11:28:43.255] [DEBUG] cheese - null
[2022-07-02T08:42:56.777] [DEBUG] cheese - login => username:admin,password:123456
[2022-07-02T08:42:56.780] [DEBUG] cheese - admin
[2022-07-02T08:42:56.841] [DEBUG] cheese - null
[2022-07-02T08:42:56.841] [DEBUG] cheese - null
[2022-07-02T08:43:21.632] [DEBUG] cheese - login => username:zs,password:123456
[2022-07-02T08:43:21.632] [DEBUG] cheese - zs
[2022-07-02T08:43:21.634] [DEBUG] cheese - null
[2022-07-02T08:43:21.634] [DEBUG] cheese - null
[2022-07-02T08:43:29.094] [DEBUG] cheese - login => username:admin,password:123456
[2022-07-02T08:43:29.095] [DEBUG] cheese - admin
[2022-07-02T08:43:29.098] [DEBUG] cheese - null
[2022-07-02T08:43:29.098] [DEBUG] cheese - null
[2022-07-03T09:14:37.004] [DEBUG] cheese - login => username:admin,password:123456
[2022-07-03T09:14:37.005] [DEBUG] cheese - admin
[2022-07-03T09:14:37.024] [DEBUG] cheese - null
[2022-07-03T09:14:37.025] [DEBUG] cheese - null
[2022-07-03T09:22:31.361] [DEBUG] cheese - login => username:admin,password:123456
[2022-07-03T09:22:31.361] [DEBUG] cheese - admin
[2022-07-03T09:22:31.368] [DEBUG] cheese - null
[2022-07-03T09:22:31.369] [DEBUG] cheese - null
[2022-07-03T09:28:02.521] [DEBUG] cheese - login => username:admin,password:123456
[2022-07-03T09:28:02.522] [DEBUG] cheese - admin
[2022-07-03T09:28:02.530] [DEBUG] cheese - null
[2022-07-03T09:28:02.530] [DEBUG] cheese - null
[2022-07-03T09:28:19.380] [DEBUG] cheese - login => username:admin,password:123456
[2022-07-03T09:28:19.380] [DEBUG] cheese - admin
[2022-07-03T09:28:19.383] [DEBUG] cheese - null
[2022-07-03T09:28:19.383] [DEBUG] cheese - null
[2022-07-03T09:28:45.606] [DEBUG] cheese - login => username:admin,password:123456
[2022-07-03T09:28:45.606] [DEBUG] cheese - admin
[2022-07-03T09:28:45.612] [DEBUG] cheese - null
[2022-07-03T09:28:45.612] [DEBUG] cheese - null
[2022-07-03T09:31:15.903] [DEBUG] cheese - login => username:admin,password:123456
[2022-07-03T09:31:15.904] [DEBUG] cheese - admin
[2022-07-03T09:31:15.910] [DEBUG] cheese - null
[2022-07-03T09:31:15.911] [DEBUG] cheese - null
[2022-07-03T09:35:27.917] [DEBUG] cheese - login => username:admin,password:123456
[2022-07-03T09:35:27.917] [DEBUG] cheese - admin
[2022-07-03T09:35:27.925] [DEBUG] cheese - null
[2022-07-03T09:35:27.925] [DEBUG] cheese - null
[2022-07-03T09:37:00.550] [DEBUG] cheese - login => username:admin,password:123456
[2022-07-03T09:37:00.550] [DEBUG] cheese - admin
[2022-07-03T09:37:00.556] [DEBUG] cheese - null
[2022-07-03T09:37:00.556] [DEBUG] cheese - null
[2022-07-03T09:37:49.407] [DEBUG] cheese - login => username:admin,password:123456
[2022-07-03T09:37:49.407] [DEBUG] cheese - admin
[2022-07-03T09:37:49.411] [DEBUG] cheese - null
[2022-07-03T09:37:49.411] [DEBUG] cheese - null
[2022-07-03T09:39:06.498] [DEBUG] cheese - login => username:admin,password:123456
[2022-07-03T09:39:06.498] [DEBUG] cheese - admin
[2022-07-03T09:39:06.502] [DEBUG] cheese - null
[2022-07-03T09:39:06.502] [DEBUG] cheese - null
[2022-07-03T09:39:07.112] [DEBUG] cheese - login => username:admin,password:123456
[2022-07-03T09:39:07.112] [DEBUG] cheese - admin
[2022-07-03T09:39:07.115] [DEBUG] cheese - null
[2022-07-03T09:39:07.115] [DEBUG] cheese - null
[2022-07-03T10:06:02.695] [DEBUG] cheese - login => username:admin,password:123456
[2022-07-03T10:06:02.696] [DEBUG] cheese - admin
[2022-07-03T10:06:02.750] [DEBUG] cheese - null
[2022-07-03T10:06:02.750] [DEBUG] cheese - null
[2022-07-03T10:06:24.475] [DEBUG] cheese - login => username:admin,password:123456
[2022-07-03T10:06:24.475] [DEBUG] cheese - admin
[2022-07-03T10:06:24.479] [DEBUG] cheese - null
[2022-07-03T10:06:24.479] [DEBUG] cheese - null
[2022-07-03T10:06:53.620] [DEBUG] cheese - login => username:admin,password:123456
[2022-07-03T10:06:53.620] [DEBUG] cheese - admin
[2022-07-03T10:06:53.627] [DEBUG] cheese - null
[2022-07-03T10:06:53.627] [DEBUG] cheese - null
[2022-07-03T10:07:35.999] [DEBUG] cheese - login => username:admin,password:123456
[2022-07-03T10:07:35.999] [DEBUG] cheese - admin
[2022-07-03T10:07:36.005] [DEBUG] cheese - null
[2022-07-03T10:07:36.005] [DEBUG] cheese - null
[2022-07-03T10:08:01.725] [DEBUG] cheese - login => username:adddd,password:1ddddd
[2022-07-03T10:08:01.725] [DEBUG] cheese - adddd
[2022-07-03T10:08:01.732] [DEBUG] cheese - null
[2022-07-03T10:08:01.732] [DEBUG] cheese - null
[2022-07-03T10:12:50.870] [DEBUG] cheese - login => username:admin,password:123456
[2022-07-03T10:12:50.870] [DEBUG] cheese - admin
[2022-07-03T10:12:50.878] [DEBUG] cheese - null
[2022-07-03T10:12:50.878] [DEBUG] cheese - null
[2022-07-03T10:14:29.058] [DEBUG] cheese - login => username:admin,password:123456
[2022-07-03T10:14:29.058] [DEBUG] cheese - admin
[2022-07-03T10:14:29.063] [DEBUG] cheese - null
[2022-07-03T10:14:29.063] [DEBUG] cheese - null
[2022-07-03T10:15:18.002] [DEBUG] cheese - login => username:admin,password:123456
[2022-07-03T10:15:18.002] [DEBUG] cheese - admin
[2022-07-03T10:15:18.006] [DEBUG] cheese - null
[2022-07-03T10:15:18.006] [DEBUG] cheese - null
[2022-07-03T10:23:32.192] [DEBUG] cheese - login => username:admin,password:123456
[2022-07-03T10:23:32.192] [DEBUG] cheese - admin
[2022-07-03T10:23:32.202] [DEBUG] cheese - null
[2022-07-03T10:23:32.203] [DEBUG] cheese - null
[2022-07-03T10:32:51.047] [DEBUG] cheese - login => username:admin,password:123456
[2022-07-03T10:32:51.047] [DEBUG] cheese - admin
[2022-07-03T10:32:51.059] [DEBUG] cheese - null
[2022-07-03T10:32:51.059] [DEBUG] cheese - null
[2022-07-03T10:40:58.686] [DEBUG] cheese - login => username:admin,password:123456
[2022-07-03T10:40:58.687] [DEBUG] cheese - admin
[2022-07-03T10:40:58.698] [DEBUG] cheese - null
[2022-07-03T10:40:58.698] [DEBUG] cheese - null
[2022-07-03T10:43:16.234] [DEBUG] cheese - login => username:admin,password:123456
[2022-07-03T10:43:16.234] [DEBUG] cheese - admin
[2022-07-03T10:43:16.242] [DEBUG] cheese - null
[2022-07-03T10:43:16.242] [DEBUG] cheese - null
[2022-07-04T10:52:57.112] [DEBUG] cheese - login => username:admin,password:123456
[2022-07-04T10:52:57.113] [DEBUG] cheese - admin
[2022-07-04T10:52:57.132] [DEBUG] cheese - null
[2022-07-04T10:52:57.133] [DEBUG] cheese - null
[2022-07-04T13:23:45.997] [DEBUG] cheese - login => username:admin,password:123456
[2022-07-04T13:23:46.001] [DEBUG] cheese - admin
[2022-07-04T13:23:46.094] [DEBUG] cheese - null
[2022-07-04T13:23:46.094] [DEBUG] cheese - null
[2022-07-04T13:26:26.402] [DEBUG] cheese - login => username:admin,password:123456
[2022-07-04T13:26:26.403] [DEBUG] cheese - admin
[2022-07-04T13:26:26.416] [DEBUG] cheese - null
[2022-07-04T13:26:26.416] [DEBUG] cheese - null
[2022-07-04T13:29:07.565] [DEBUG] cheese - login => username:admin,password:123456
[2022-07-04T13:29:07.565] [DEBUG] cheese - admin
[2022-07-04T13:29:07.572] [DEBUG] cheese - null
[2022-07-04T13:29:07.573] [DEBUG] cheese - null
[2022-07-04T13:30:32.621] [DEBUG] cheese - login => username:admin,password:123456
[2022-07-04T13:30:32.621] [DEBUG] cheese - admin
[2022-07-04T13:30:32.636] [DEBUG] cheese - null
[2022-07-04T13:30:32.636] [DEBUG] cheese - null
[2022-07-04T13:31:00.207] [DEBUG] cheese - login => username:admin,password:123456
[2022-07-04T13:31:00.207] [DEBUG] cheese - admin
[2022-07-04T13:31:00.211] [DEBUG] cheese - null
[2022-07-04T13:31:00.211] [DEBUG] cheese - null
[2022-07-04T13:47:43.501] [DEBUG] cheese - login => username:admin,password:123456
[2022-07-04T13:47:43.502] [DEBUG] cheese - admin
[2022-07-04T13:47:43.532] [DEBUG] cheese - null
[2022-07-04T13:47:43.533] [DEBUG] cheese - null
[2022-07-04T13:54:41.415] [DEBUG] cheese - login => username:admin,password:123456
[2022-07-04T13:54:41.415] [DEBUG] cheese - admin
[2022-07-04T13:54:41.431] [DEBUG] cheese - null
[2022-07-04T13:54:41.431] [DEBUG] cheese - null
[2022-07-04T14:02:09.577] [DEBUG] cheese - login => username:admin,password:123456
[2022-07-04T14:02:09.577] [DEBUG] cheese - admin
[2022-07-04T14:02:09.582] [DEBUG] cheese - null
[2022-07-04T14:02:09.583] [DEBUG] cheese - null
[2022-07-04T14:15:35.969] [DEBUG] cheese - login => username:admin,password:123456
[2022-07-04T14:15:35.970] [DEBUG] cheese - admin
[2022-07-04T14:15:35.978] [DEBUG] cheese - null
[2022-07-04T14:15:35.978] [DEBUG] cheese - null
[2022-07-04T14:20:32.671] [DEBUG] cheese - login => username:admin,password:123456
[2022-07-04T14:20:32.672] [DEBUG] cheese - admin
[2022-07-04T14:20:32.685] [DEBUG] cheese - null
[2022-07-04T14:20:32.685] [DEBUG] cheese - null
[2022-07-04T14:22:44.944] [DEBUG] cheese - login => username:admin,password:123456
[2022-07-04T14:22:44.944] [DEBUG] cheese - admin
[2022-07-04T14:22:44.946] [DEBUG] cheese - null
[2022-07-04T14:22:44.946] [DEBUG] cheese - null
[2022-07-04T15:35:29.423] [DEBUG] cheese - login => username:admin,password:123456
[2022-07-04T15:35:29.429] [DEBUG] cheese - admin
[2022-07-04T15:35:29.452] [DEBUG] cheese - null
[2022-07-04T15:35:29.452] [DEBUG] cheese - null
[2022-07-04T16:01:01.660] [DEBUG] cheese - login => username:admin,password:123456
[2022-07-04T16:01:01.663] [DEBUG] cheese - admin
[2022-07-04T16:01:01.678] [DEBUG] cheese - null
[2022-07-04T16:01:01.678] [DEBUG] cheese - null
[2022-07-04T17:19:23.613] [DEBUG] cheese - login => username:admin,password:123456
[2022-07-04T17:19:23.614] [DEBUG] cheese - admin
[2022-07-04T17:19:23.640] [DEBUG] cheese - null
[2022-07-04T17:19:23.641] [DEBUG] cheese - null
[2022-07-05T08:14:24.857] [DEBUG] cheese - login => username:admin,password:123456
[2022-07-05T08:14:24.860] [DEBUG] cheese - admin
[2022-07-05T08:14:24.890] [DEBUG] cheese - null
[2022-07-05T08:14:24.891] [DEBUG] cheese - null
[2022-07-05T10:18:44.003] [DEBUG] cheese - login => username:admin,password:123456
[2022-07-05T10:18:44.013] [DEBUG] cheese - admin
[2022-07-05T10:18:44.044] [DEBUG] cheese - null
[2022-07-05T10:18:44.044] [DEBUG] cheese - null
[2022-07-06T07:51:08.000] [DEBUG] cheese - login => username:admin,password:123456
[2022-07-06T07:51:08.002] [DEBUG] cheese - admin
[2022-07-06T07:51:08.048] [DEBUG] cheese - null
[2022-07-06T07:51:08.048] [DEBUG] cheese - null
[2022-07-06T08:30:43.566] [DEBUG] cheese - login => username:admin,password:123456
[2022-07-06T08:30:43.571] [DEBUG] cheese - admin
[2022-07-06T08:30:43.584] [DEBUG] cheese - null
[2022-07-06T08:30:43.584] [DEBUG] cheese - null
[2022-07-06T08:34:08.279] [DEBUG] cheese - login => username:admin,password:123456
[2022-07-06T08:34:08.280] [DEBUG] cheese - admin
[2022-07-06T08:34:08.284] [DEBUG] cheese - null
[2022-07-06T08:34:08.285] [DEBUG] cheese - null
[2022-07-06T09:03:19.607] [DEBUG] cheese - login => username:admin,password:123456
[2022-07-06T09:03:19.611] [DEBUG] cheese - admin
[2022-07-06T09:03:19.628] [DEBUG] cheese - null
[2022-07-06T09:03:19.629] [DEBUG] cheese - null
[2022-07-06T17:57:36.107] [DEBUG] cheese - null
[2022-07-06T18:00:40.695] [DEBUG] cheese - null
[2022-07-07T08:10:27.680] [DEBUG] cheese - login => username:admin,password:123456
[2022-07-07T08:10:27.682] [DEBUG] cheese - admin
[2022-07-07T08:10:27.725] [DEBUG] cheese - null
[2022-07-07T08:10:27.726] [DEBUG] cheese - null
[2022-07-07T10:33:35.960] [DEBUG] cheese - login => username:admin,password:123456
[2022-07-07T10:33:35.965] [DEBUG] cheese - admin
[2022-07-07T10:33:35.991] [DEBUG] cheese - null
[2022-07-07T10:33:35.991] [DEBUG] cheese - null
[2022-07-07T17:55:19.852] [DEBUG] cheese - login => username:admin,password:123456
[2022-07-07T17:55:19.863] [DEBUG] cheese - admin
[2022-07-07T17:55:19.867] [DEBUG] cheese - null
[2022-07-07T17:55:19.870] [DEBUG] cheese - null
[2022-07-07T18:19:43.754] [DEBUG] cheese - login => username:admin,password:123456
[2022-07-07T18:19:43.756] [DEBUG] cheese - admin
[2022-07-07T18:19:43.765] [DEBUG] cheese - null
[2022-07-07T18:19:43.765] [DEBUG] cheese - null
[2022-07-08T07:57:48.358] [DEBUG] cheese - login => username:admin,password:123456
[2022-07-08T07:57:48.360] [DEBUG] cheese - admin
[2022-07-08T07:57:48.378] [DEBUG] cheese - null
[2022-07-08T07:57:48.378] [DEBUG] cheese - null
[2022-07-08T11:31:50.537] [DEBUG] cheese - login => username:admin,password:123456
[2022-07-08T11:31:50.548] [DEBUG] cheese - admin
[2022-07-08T11:31:50.587] [DEBUG] cheese - null
[2022-07-08T11:31:50.588] [DEBUG] cheese - null
[2022-07-09T07:45:36.682] [DEBUG] cheese - login => username:admin,password:123456
[2022-07-09T07:45:36.684] [DEBUG] cheese - admin
[2022-07-09T07:45:36.724] [DEBUG] cheese - null
[2022-07-09T07:45:36.725] [DEBUG] cheese - null
[2022-07-09T08:26:25.470] [DEBUG] cheese - login => username:admin,password:123456
[2022-07-09T08:26:25.473] [DEBUG] cheese - admin
[2022-07-09T08:26:25.492] [DEBUG] cheese - null
[2022-07-09T08:26:25.493] [DEBUG] cheese - null
[2022-07-09T16:48:04.783] [DEBUG] cheese - login => username:admin,password:123456
[2022-07-09T16:48:04.787] [DEBUG] cheese - admin
[2022-07-09T16:48:04.839] [DEBUG] cheese - null
[2022-07-09T16:48:04.840] [DEBUG] cheese - null
[2022-07-10T07:49:12.226] [DEBUG] cheese - login => username:admin,password:123456
[2022-07-10T07:49:12.227] [DEBUG] cheese - admin
[2022-07-10T07:49:12.268] [DEBUG] cheese - null
[2022-07-10T07:49:12.268] [DEBUG] cheese - null
[2022-07-10T14:58:11.370] [DEBUG] cheese - login => username:admin,password:123456
[2022-07-10T14:58:11.372] [DEBUG] cheese - admin
[2022-07-10T14:58:11.380] [DEBUG] cheese - null
[2022-07-10T14:58:11.381] [DEBUG] cheese - null
[2022-07-10T16:31:57.376] [DEBUG] cheese - login => username:admin,password:123456
[2022-07-10T16:31:57.391] [DEBUG] cheese - admin
[2022-07-10T16:31:57.466] [DEBUG] cheese - null
[2022-07-10T16:31:57.468] [DEBUG] cheese - null
[2022-07-11T07:53:30.896] [DEBUG] cheese - login => username:admin,password:123456
[2022-07-11T07:53:30.900] [DEBUG] cheese - admin
[2022-07-11T07:53:30.949] [DEBUG] cheese - null
[2022-07-11T07:53:30.950] [DEBUG] cheese - null
[2022-07-14T20:28:29.388] [DEBUG] cheese - login => username:admin,password:123456
[2022-07-14T20:28:29.391] [DEBUG] cheese - admin
[2022-07-14T20:28:29.430] [DEBUG] cheese - null
[2022-07-14T20:28:29.430] [DEBUG] cheese - null
[2022-07-14T20:42:51.022] [DEBUG] cheese - login => username:admin,password:123456
[2022-07-14T20:42:51.023] [DEBUG] cheese - admin
[2022-07-14T20:42:51.036] [DEBUG] cheese - null
[2022-07-14T20:42:51.037] [DEBUG] cheese - null
[2022-07-21T08:04:06.244] [DEBUG] cheese - login => username:admin,password:123456
[2022-07-21T08:04:06.245] [DEBUG] cheese - admin
[2022-07-21T08:04:06.283] [DEBUG] cheese - null
[2022-07-21T08:04:06.283] [DEBUG] cheese - null
[2022-07-30T07:56:03.177] [DEBUG] cheese - login => username:admin,password:123456
[2022-07-30T07:56:03.178] [DEBUG] cheese - admin
[2022-07-30T07:56:03.196] [DEBUG] cheese - null
[2022-07-30T07:56:03.196] [DEBUG] cheese - null
[2022-07-31T07:18:26.913] [DEBUG] cheese - login => username:admin,password:123456
[2022-07-31T07:18:26.914] [DEBUG] cheese - admin
[2022-07-31T07:18:26.929] [DEBUG] cheese - null
[2022-07-31T07:18:26.930] [DEBUG] cheese - null
[2022-07-31T07:46:45.524] [DEBUG] cheese - login => username:admin,password:123456
[2022-07-31T07:46:45.526] [DEBUG] cheese - admin
[2022-07-31T07:46:45.532] [DEBUG] cheese - null
[2022-07-31T07:46:45.532] [DEBUG] cheese - null
[2022-08-01T19:14:51.155] [DEBUG] cheese - login => username:admin,password:123456
[2022-08-01T19:14:51.159] [DEBUG] cheese - admin
[2022-08-01T19:14:51.174] [DEBUG] cheese - null
[2022-08-01T19:14:51.175] [DEBUG] cheese - null
[2022-08-10T08:41:32.603] [DEBUG] cheese - login => username:admin,password:123456
[2022-08-10T08:41:32.605] [DEBUG] cheese - admin
[2022-08-10T08:41:32.636] [DEBUG] cheese - null
[2022-08-10T08:41:32.637] [DEBUG] cheese - null
[2022-08-10T15:02:52.265] [DEBUG] cheese - login => username:admin,password:123456
[2022-08-10T15:02:52.266] [DEBUG] cheese - admin
[2022-08-10T15:02:52.294] [DEBUG] cheese - null
[2022-08-10T15:02:52.294] [DEBUG] cheese - null
[2022-08-10T18:10:11.342] [DEBUG] cheese - null
[2022-08-10T18:20:04.772] [DEBUG] cheese - null
[2022-08-11T08:28:50.489] [DEBUG] cheese - login => username:admin,password:123456
[2022-08-11T08:28:50.492] [DEBUG] cheese - admin
[2022-08-11T08:28:50.528] [DEBUG] cheese - null
[2022-08-11T08:28:50.529] [DEBUG] cheese - null
[2022-08-12T08:33:10.631] [DEBUG] cheese - login => username:admin,password:123456
[2022-08-12T08:33:10.633] [DEBUG] cheese - admin
[2022-08-12T08:33:10.669] [DEBUG] cheese - null
[2022-08-12T08:33:10.670] [DEBUG] cheese - null
[2022-08-12T08:48:43.193] [DEBUG] cheese - login => username:admin,password:123456
[2022-08-12T08:48:43.195] [DEBUG] cheese - admin
[2022-08-12T08:48:43.208] [DEBUG] cheese - null
[2022-08-12T08:48:43.209] [DEBUG] cheese - null
[2022-08-12T14:39:52.959] [DEBUG] cheese - login => username:admin,password:123456
[2022-08-12T14:39:52.961] [DEBUG] cheese - admin
[2022-08-12T14:39:53.002] [DEBUG] cheese - null
[2022-08-12T14:39:53.003] [DEBUG] cheese - null
[2022-08-12T14:54:17.793] [DEBUG] cheese - login => username:admin,password:123456
[2022-08-12T14:54:17.794] [DEBUG] cheese - admin
[2022-08-12T14:54:17.802] [DEBUG] cheese - null
[2022-08-12T14:54:17.802] [DEBUG] cheese - null
[2022-08-12T14:56:49.343] [DEBUG] cheese - login => username:admin,password:123456
[2022-08-12T14:56:49.345] [DEBUG] cheese - admin
[2022-08-12T14:56:49.349] [DEBUG] cheese - null
[2022-08-12T14:56:49.350] [DEBUG] cheese - null
[2022-08-12T15:15:51.577] [DEBUG] cheese - login => username:admin,password:123456
[2022-08-12T15:15:51.579] [DEBUG] cheese - admin
[2022-08-12T15:15:51.653] [DEBUG] cheese - null
[2022-08-12T15:15:51.653] [DEBUG] cheese - null
[2022-08-12T15:16:51.225] [DEBUG] cheese - login => username:admin,password:123456
[2022-08-12T15:16:51.226] [DEBUG] cheese - admin
[2022-08-12T15:16:51.229] [DEBUG] cheese - null
[2022-08-12T15:16:51.230] [DEBUG] cheese - null
[2022-08-12T15:32:28.426] [DEBUG] cheese - login => username:admin,password:123456
[2022-08-12T15:32:28.432] [DEBUG] cheese - admin
[2022-08-12T15:32:28.446] [DEBUG] cheese - null
[2022-08-12T15:32:28.448] [DEBUG] cheese - null
[2022-08-12T17:18:01.846] [DEBUG] cheese - login => username:admin,password:123456
[2022-08-12T17:18:01.847] [DEBUG] cheese - admin
[2022-08-12T17:18:01.863] [DEBUG] cheese - null
[2022-08-12T17:18:01.864] [DEBUG] cheese - null
[2022-08-12T19:57:48.591] [DEBUG] cheese - login => username:admin,password:123456
[2022-08-12T19:57:48.592] [DEBUG] cheese - admin
[2022-08-12T19:57:48.632] [DEBUG] cheese - null
[2022-08-12T19:57:48.633] [DEBUG] cheese - null
[2022-08-12T20:04:29.087] [DEBUG] cheese - login => username:admin,password:123456
[2022-08-12T20:04:29.087] [DEBUG] cheese - admin
[2022-08-12T20:04:29.089] [DEBUG] cheese - null
[2022-08-12T20:04:29.089] [DEBUG] cheese - null
[2022-08-12T20:50:58.643] [DEBUG] cheese - login => username:admin,password:123456
[2022-08-12T20:50:58.643] [DEBUG] cheese - admin
[2022-08-12T20:50:58.655] [DEBUG] cheese - null
[2022-08-12T20:50:58.655] [DEBUG] cheese - null
[2022-08-12T21:10:23.984] [DEBUG] cheese - login => username:admin,password:123456
[2022-08-12T21:10:23.985] [DEBUG] cheese - admin
[2022-08-12T21:10:23.996] [DEBUG] cheese - null
[2022-08-12T21:10:23.997] [DEBUG] cheese - null
[2022-08-13T07:20:35.900] [DEBUG] cheese - login => username:admin,password:123456
[2022-08-13T07:20:35.903] [DEBUG] cheese - admin
[2022-08-13T07:20:35.935] [DEBUG] cheese - null
[2022-08-13T07:20:35.935] [DEBUG] cheese - null
[2022-08-13T08:48:19.814] [DEBUG] cheese - login => username:admin,password:123456
[2022-08-13T08:48:19.816] [DEBUG] cheese - admin
[2022-08-13T08:48:19.829] [DEBUG] cheese - null
[2022-08-13T08:48:19.830] [DEBUG] cheese - null
[2022-08-13T08:50:54.053] [DEBUG] cheese - login => username:admin,password:123456
[2022-08-13T08:50:54.053] [DEBUG] cheese - admin
[2022-08-13T08:50:54.059] [DEBUG] cheese - null
[2022-08-13T08:50:54.060] [DEBUG] cheese - null
[2022-08-13T08:51:53.756] [DEBUG] cheese - login => username:admin,password:123456
[2022-08-13T08:51:53.757] [DEBUG] cheese - admin
[2022-08-13T08:51:53.763] [DEBUG] cheese - null
[2022-08-13T08:51:53.763] [DEBUG] cheese - null
[2022-08-13T08:52:36.144] [DEBUG] cheese - login => username:admin,password:123456
[2022-08-13T08:52:36.144] [DEBUG] cheese - admin
[2022-08-13T08:52:36.148] [DEBUG] cheese - null
[2022-08-13T08:52:36.149] [DEBUG] cheese - null
[2022-08-13T08:56:35.126] [DEBUG] cheese - login => username:admin,password:123456
[2022-08-13T08:56:35.127] [DEBUG] cheese - admin
[2022-08-13T08:56:35.140] [DEBUG] cheese - null
[2022-08-13T08:56:35.140] [DEBUG] cheese - null
[2022-08-13T08:57:30.626] [DEBUG] cheese - login => username:admin,password:123456
[2022-08-13T08:57:30.626] [DEBUG] cheese - admin
[2022-08-13T08:57:30.629] [DEBUG] cheese - null
[2022-08-13T08:57:30.629] [DEBUG] cheese - null
[2022-08-13T09:15:30.324] [DEBUG] cheese - login => username:admin,password:123456
[2022-08-13T09:15:30.324] [DEBUG] cheese - admin
[2022-08-13T09:15:30.337] [DEBUG] cheese - null
[2022-08-13T09:15:30.337] [DEBUG] cheese - null
